This is pdfTeX, Version 3.141592653-2.6-1.40.26 (TeX Live 2024) (preloaded format=pdflatex 2024.9.19)  23 APR 2025 18:41
entering extended mode
 restricted \write18 enabled.
 file:line:error style messages enabled.
 %&-line parsing enabled.
**"Untitled 2.tex"
(./Untitled 2.tex
LaTeX2e <2023-11-01> patch level 1
L3 programming layer <2024-02-20>
(/usr/local/texlive/2024/texmf-dist/tex/latex/amscls/amsart.cls
Document Class: amsart 2020/05/29 v2.20.6
\linespacing=\dimen140
\normalparindent=\dimen141
\normaltopskip=\skip48
(/usr/local/texlive/2024/texmf-dist/tex/latex/amsmath/amsmath.sty
Package: amsmath 2023/05/13 v2.17o AMS math features
\@mathmargin=\skip49

For additional information on amsmath, use the `?' option.
(/usr/local/texlive/2024/texmf-dist/tex/latex/amsmath/amstext.sty
Package: amstext 2021/08/26 v2.01 AMS text

(/usr/local/texlive/2024/texmf-dist/tex/latex/amsmath/amsgen.sty
File: amsgen.sty 1999/11/30 v2.0 generic functions
\@emptytoks=\toks17
\ex@=\dimen142
))
(/usr/local/texlive/2024/texmf-dist/tex/latex/amsmath/amsbsy.sty
Package: amsbsy 1999/11/29 v1.2d Bold Symbols
\pmbraise@=\dimen143
)
(/usr/local/texlive/2024/texmf-dist/tex/latex/amsmath/amsopn.sty
Package: amsopn 2022/04/08 v2.04 operator names
)
\inf@bad=\count188
LaTeX Info: Redefining \frac on input line 234.
\uproot@=\count189
\leftroot@=\count190
LaTeX Info: Redefining \overline on input line 399.
LaTeX Info: Redefining \colon on input line 410.
\classnum@=\count191
\DOTSCASE@=\count192
LaTeX Info: Redefining \ldots on input line 496.
LaTeX Info: Redefining \dots on input line 499.
LaTeX Info: Redefining \cdots on input line 620.
\Mathstrutbox@=\box51
\strutbox@=\box52
LaTeX Info: Redefining \big on input line 722.
LaTeX Info: Redefining \Big on input line 723.
LaTeX Info: Redefining \bigg on input line 724.
LaTeX Info: Redefining \Bigg on input line 725.
\big@size=\dimen144
LaTeX Font Info:    Redeclaring font encoding OML on input line 743.
LaTeX Font Info:    Redeclaring font encoding OMS on input line 744.
\macc@depth=\count193
LaTeX Info: Redefining \bmod on input line 905.
LaTeX Info: Redefining \pmod on input line 910.
LaTeX Info: Redefining \smash on input line 940.
LaTeX Info: Redefining \relbar on input line 970.
LaTeX Info: Redefining \Relbar on input line 971.
\c@MaxMatrixCols=\count194
\dotsspace@=\muskip16
\c@parentequation=\count195
\dspbrk@lvl=\count196
\tag@help=\toks18
\row@=\count197
\column@=\count198
\maxfields@=\count199
\andhelp@=\toks19
\eqnshift@=\dimen145
\alignsep@=\dimen146
\tagshift@=\dimen147
\tagwidth@=\dimen148
\totwidth@=\dimen149
\lineht@=\dimen150
\@envbody=\toks20
\multlinegap=\skip50
\multlinetaggap=\skip51
\mathdisplay@stack=\toks21
LaTeX Info: Redefining \[ on input line 2953.
LaTeX Info: Redefining \] on input line 2954.
)
LaTeX Font Info:    Trying to load font information for U+msa on input line 397
.

(/usr/local/texlive/2024/texmf-dist/tex/latex/amsfonts/umsa.fd
File: umsa.fd 2013/01/14 v3.01 AMS symbols A
)
(/usr/local/texlive/2024/texmf-dist/tex/latex/amsfonts/amsfonts.sty
Package: amsfonts 2013/01/14 v3.01 Basic AMSFonts support
\symAMSa=\mathgroup4
\symAMSb=\mathgroup5
LaTeX Font Info:    Redeclaring math symbol \hbar on input line 98.
LaTeX Font Info:    Overwriting math alphabet `\mathfrak' in version `bold'
(Font)                  U/euf/m/n --> U/euf/b/n on input line 106.
)
\copyins=\insert252
\abstractbox=\box53
\listisep=\skip52
\c@part=\count266
\c@section=\count267
\c@subsection=\count268
\c@subsubsection=\count269
\c@paragraph=\count270
\c@subparagraph=\count271
\c@figure=\count272
\c@table=\count273
\abovecaptionskip=\skip53
\belowcaptionskip=\skip54
\captionindent=\dimen151
\thm@style=\toks22
\thm@bodyfont=\toks23
\thm@headfont=\toks24
\thm@notefont=\toks25
\thm@headpunct=\toks26
\thm@preskip=\skip55
\thm@postskip=\skip56
\thm@headsep=\skip57
\dth@everypar=\toks27
)
(/usr/local/texlive/2024/texmf-dist/tex/latex/amsfonts/amssymb.sty
Package: amssymb 2013/01/14 v3.01 AMS font symbols
)
(/usr/local/texlive/2024/texmf-dist/tex/latex/amsmath/amscd.sty
Package: amscd 2017/04/14 v2.1 AMS Commutative Diagrams
\athelp@=\toks28
\minaw@=\dimen152
\bigaw@=\dimen153
\minCDarrowwidth=\dimen154
)
(/usr/local/texlive/2024/texmf-dist/tex/latex/jknapltx/mathrsfs.sty
Package: mathrsfs 1996/01/01 Math RSFS package v1.0 (jk)
\symrsfs=\mathgroup6
)
(/usr/local/texlive/2024/texmf-dist/tex/latex/geometry/geometry.sty
Package: geometry 2020/01/02 v5.9 Page Geometry

(/usr/local/texlive/2024/texmf-dist/tex/latex/graphics/keyval.sty
Package: keyval 2022/05/29 v1.15 key=value parser (DPC)
\KV@toks@=\toks29
)
(/usr/local/texlive/2024/texmf-dist/tex/generic/iftex/ifvtex.sty
Package: ifvtex 2019/10/25 v1.7 ifvtex legacy package. Use iftex instead.

(/usr/local/texlive/2024/texmf-dist/tex/generic/iftex/iftex.sty
Package: iftex 2022/02/03 v1.0f TeX engine tests
))
\Gm@cnth=\count274
\Gm@cntv=\count275
\c@Gm@tempcnt=\count276
\Gm@bindingoffset=\dimen155
\Gm@wd@mp=\dimen156
\Gm@odd@mp=\dimen157
\Gm@even@mp=\dimen158
\Gm@layoutwidth=\dimen159
\Gm@layoutheight=\dimen160
\Gm@layouthoffset=\dimen161
\Gm@layoutvoffset=\dimen162
\Gm@dimlist=\toks30
)
\c@Proposition=\count277

(/usr/local/texlive/2024/texmf-dist/tex/latex/l3backend/l3backend-pdftex.def
File: l3backend-pdftex.def 2024-02-20 L3 backend support: PDF output (pdfTeX)
\l__color_backend_stack_int=\count278
\l__pdf_internal_box=\box54
)
No file "Untitled 2".aux.
\openout1 = `"Untitled 2.aux"'.

LaTeX Font Info:    Checking defaults for OML/cmm/m/it on input line 110.
LaTeX Font Info:    ... okay on input line 110.
LaTeX Font Info:    Checking defaults for OMS/cmsy/m/n on input line 110.
LaTeX Font Info:    ... okay on input line 110.
LaTeX Font Info:    Checking defaults for OT1/cmr/m/n on input line 110.
LaTeX Font Info:    ... okay on input line 110.
LaTeX Font Info:    Checking defaults for T1/cmr/m/n on input line 110.
LaTeX Font Info:    ... okay on input line 110.
LaTeX Font Info:    Checking defaults for TS1/cmr/m/n on input line 110.
LaTeX Font Info:    ... okay on input line 110.
LaTeX Font Info:    Checking defaults for OMX/cmex/m/n on input line 110.
LaTeX Font Info:    ... okay on input line 110.
LaTeX Font Info:    Checking defaults for U/cmr/m/n on input line 110.
LaTeX Font Info:    ... okay on input line 110.
LaTeX Font Info:    Trying to load font information for U+msa on input line 110
.
(/usr/local/texlive/2024/texmf-dist/tex/latex/amsfonts/umsa.fd
File: umsa.fd 2013/01/14 v3.01 AMS symbols A
)
LaTeX Font Info:    Trying to load font information for U+msb on input line 110
.

(/usr/local/texlive/2024/texmf-dist/tex/latex/amsfonts/umsb.fd
File: umsb.fd 2013/01/14 v3.01 AMS symbols B
)
LaTeX Font Info:    Trying to load font information for U+rsfs on input line 11
0.

(/usr/local/texlive/2024/texmf-dist/tex/latex/jknapltx/ursfs.fd
File: ursfs.fd 1998/03/24 rsfs font definition file (jk)
)
*geometry* driver: auto-detecting
*geometry* detected driver: pdftex
*geometry* verbose mode - [ preamble ] result:
* driver: pdftex
* paper: <default>
* layout: <same size as paper>
* layoutoffset:(h,v)=(0.0pt,0.0pt)
* modes: twoside 
* h-part:(L,W,R)=(56.9055pt, 500.484pt, 56.9055pt)
* v-part:(T,H,B)=(56.9055pt, 681.15898pt, 56.9055pt)
* \paperwidth=614.295pt
* \paperheight=794.96999pt
* \textwidth=500.484pt
* \textheight=681.15898pt
* \oddsidemargin=-26.0pt
* \evensidemargin=-4.0pt
* \topmargin=-34.26999pt
* \headheight=10.5pt
* \headsep=14.0pt
* \topskip=10.0pt
* \footskip=12.0pt
* \marginparwidth=28.0pt
* \marginparsep=11.0pt
* \columnsep=10.0pt
* \skip\footins=7.0pt plus 11.0pt
* \hoffset=0.0pt
* \voffset=0.0pt
* \mag=1000
* \@twocolumnfalse
* \@twosidetrue
* \@mparswitchtrue
* \@reversemarginfalse
* (1in=72.27pt=25.4mm, 1cm=28.453pt)

LaTeX Font Info:    Trying to load font information for U+euf on input line 129
.
(/usr/local/texlive/2024/texmf-dist/tex/latex/amsfonts/ueuf.fd
File: ueuf.fd 2013/01/14 v3.01 Euler Fraktur
)

LaTeX Warning: Citation `KRW' on page 1 undefined on input line 151.


LaTeX Warning: Citation `EK' on page 1 undefined on input line 156.


LaTeX Warning: Citation `BT' on page 1 undefined on input line 185.


LaTeX Warning: Citation `Ly' on page 1 undefined on input line 204.


LaTeX Warning: Citation `K' on page 1 undefined on input line 204.

[1{/usr/local/texlive/2024/texmf-var/fonts/map/pdftex/updmap/pdftex.map}]

LaTeX Warning: Citation `Kaw' on page 2 undefined on input line 241.


LaTeX Warning: Citation `Moe' on page 2 undefined on input line 241.


LaTeX Warning: Citation `P' on page 2 undefined on input line 243.


LaTeX Warning: Citation `GG' on page 2 undefined on input line 246.


LaTeX Warning: Citation `EK' on page 2 undefined on input line 248.


LaTeX Warning: Citation `GG' on page 2 undefined on input line 260.


LaTeX Warning: Citation `EK' on page 2 undefined on input line 261.


LaTeX Warning: Citation `GG' on page 2 undefined on input line 266.


LaTeX Warning: Citation `P' on page 2 undefined on input line 268.


LaTeX Warning: Citation `GG' on page 2 undefined on input line 271.


LaTeX Warning: Citation `Ly' on page 2 undefined on input line 272.


LaTeX Warning: Citation `Slod' on page 2 undefined on input line 288.


LaTeX Warning: Citation `GG' on page 2 undefined on input line 290.


LaTeX Warning: Citation `GG' on page 2 undefined on input line 298.


LaTeX Warning: Citation `GG' on page 2 undefined on input line 304.


LaTeX Warning: Citation `Skry' on page 2 undefined on input line 307.


LaTeX Warning: Citation `GG' on page 2 undefined on input line 308.


LaTeX Warning: Citation `Ly' on page 2 undefined on input line 337.

[2]

LaTeX Warning: Citation `EK' on page 3 undefined on input line 360.


LaTeX Warning: Citation `EK' on page 3 undefined on input line 375.


LaTeX Warning: Citation `EK' on page 3 undefined on input line 387.


LaTeX Warning: Citation `Ly' on page 3 undefined on input line 387.


LaTeX Warning: Reference `swhittaker' on page 3 undefined on input line 389.


LaTeX Warning: Reference `swhittaker' on page 3 undefined on input line 441.

[3]

LaTeX Warning: Reference `main' on page 4 undefined on input line 458.


LaTeX Warning: Reference `r2' on page 4 undefined on input line 470.


LaTeX Warning: Reference `r13' on page 4 undefined on input line 470.


LaTeX Warning: Citation `D3' on page 4 undefined on input line 477.


LaTeX Warning: Citation `Ch0' on page 4 undefined on input line 479.


LaTeX Warning: Citation `Ch' on page 4 undefined on input line 479.


LaTeX Warning: Citation `RS' on page 4 undefined on input line 482.


LaTeX Warning: Reference `syangian' on page 4 undefined on input line 485.


LaTeX Warning: Reference `sparabolic' on page 4 undefined on input line 487.


LaTeX Warning: Citation `BK' on page 4 undefined on input line 489.


LaTeX Warning: Reference `sbaby' on page 4 undefined on input line 490.


LaTeX Warning: Reference `scan' on page 4 undefined on input line 493.


LaTeX Warning: Reference `struncation' on page 4 undefined on input line 496.


LaTeX Warning: Reference `swhittaker' on page 4 undefined on input line 501.


LaTeX Warning: Reference `sslice' on page 4 undefined on input line 503.


LaTeX Warning: Citation `GG' on page 4 undefined on input line 504.


LaTeX Warning: Reference `sinvariants' on page 4 undefined on input line 506.


LaTeX Warning: Reference `smain' on page 4 undefined on input line 511.


LaTeX Warning: Reference `sgrownup' on page 4 undefined on input line 513.


LaTeX Warning: Reference `sspecial' on page 4 undefined on input line 514.


LaTeX Warning: Citation `BK2' on page 4 undefined on input line 524.


LaTeX Warning: Citation `RS' on page 4 undefined on input line 539.


LaTeX Warning: Citation `EK' on page 4 undefined on input line 540.

[4]

LaTeX Warning: Reference `r8' on page 5 undefined on input line 619.

[5]

LaTeX Warning: Citation `D3' on page 6 undefined on input line 641.


LaTeX Warning: Citation `BK' on page 6 undefined on input line 645.


LaTeX Warning: Reference `injcor' on page 6 undefined on input line 646.


LaTeX Warning: Reference `shiftcon' on page 6 undefined on input line 676.


LaTeX Warning: Reference `shiftcon' on page 6 undefined on input line 734.


LaTeX Warning: Citation `BK' on page 6 undefined on input line 751.


LaTeX Warning: Citation `BK' on page 6 undefined on input line 772.

[6]

LaTeX Warning: Reference `pbw0' on page 7 undefined on input line 796.


LaTeX Warning: Reference `pbw0' on page 7 undefined on input line 834.


LaTeX Warning: Reference `assgr' on page 7 undefined on input line 836.

./Untitled 2.tex:845: Undefined control sequence.
l.845 \ifcenters@
                 
? 
./Untitled 2.tex:845: Emergency stop.
l.845 
      
End of file on the terminal!

 
Here is how much of TeX's memory you used:
 2996 strings out of 474116
 41277 string characters out of 5743682
 1945187 words of memory out of 5000000
 25184 multiletter control sequences out of 15000+600000
 573529 words of font info for 97 fonts, out of 8000000 for 9000
 1302 hyphenation exceptions out of 8191
 71i,14n,79p,292b,253s stack positions out of 10000i,1000n,20000p,200000b,200000s
./Untitled 2.tex:845:  ==> Fatal error occurred, no output PDF file produced!
